#
# There is insufficient memory for the Java Runtime Environment to continue.
# Native memory allocation (mmap) failed to map 264241152 bytes for G1 virtual space
# Possible reasons:
#   The system is out of physical RAM or swap space
#   The process is running with CompressedOops enabled, and the Java Heap may be blocking the growth of the native heap
# Possible solutions:
#   Reduce memory load on the system
#   Increase physical memory or swap space
#   Check if swap backing store is full
#   Decrease Java heap size (-Xmx/-Xms)
#   Decrease number of Java threads
#   Decrease Java thread stack sizes (-Xss)
#   Set larger code cache with -XX:ReservedCodeCacheSize=
#   JVM is running with Zero Based Compressed Oops mode in which the Java heap is
#     placed in the first 32GB address space. The Java Heap base address is the
#     maximum limit for the native heap growth. Please use -XX:HeapBaseMinAddress
#     to set the Java Heap base and to place the Java Heap above 32GB virtual address.
# This output file may be truncated or incomplete.
#
#  Out of Memory Error (os_windows.cpp:3603), pid=32440, tid=33692
#
# JRE version:  (21.0.7+8) (build )
# Java VM: Java HotSpot(TM) 64-Bit Server VM (21.0.7+8-LTS-245, mixed mode, sharing, tiered, compressed oops, compressed class ptrs, g1 gc, windows-amd64)
# No core dump will be written. Minidumps are not enabled by default on client versions of Windows
#

---------------  S U M M A R Y ------------

Command Line: -Dclassworlds.conf=C:\Users\infod\scoop\apps\maven\current\bin\m2.conf -Dmaven.home=C:\Users\infod\scoop\apps\maven\current -Dlibrary.jansi.path=C:\Users\infod\scoop\apps\maven\current\lib\jansi-native -Dmaven.multiModuleProjectDirectory=D:\cognizant\week4\Load Country from Spring Configuration XML\spring-learn org.codehaus.plexus.classworlds.launcher.Launcher clean install

Host: 11th Gen Intel(R) Core(TM) i5-11400H @ 2.70GHz, 12 cores, 15G,  Windows 11 , 64 bit Build 22621 (10.0.22621.5415)
Time: Wed Jul 16 00:21:10 2025 India Standard Time elapsed time: 0.009383 seconds (0d 0h 0m 0s)

---------------  T H R E A D  ---------------

Current thread (0x000002148883db90):  JavaThread "Unknown thread" [_thread_in_vm, id=33692, stack(0x0000003f50e00000,0x0000003f50f00000) (1024K)]

Stack: [0x0000003f50e00000,0x0000003f50f00000]
Native frames: (J=compiled Java code, j=interpreted, Vv=VM code, C=native code)
V  [jvm.dll+0x6cae19]
V  [jvm.dll+0x855741]
V  [jvm.dll+0x857c6e]
V  [jvm.dll+0x858343]
V  [jvm.dll+0x27e0b6]
V  [jvm.dll+0x6c7595]
V  [jvm.dll+0x6bc0fa]
V  [jvm.dll+0x353eaa]
V  [jvm.dll+0x35bb26]
V  [jvm.dll+0x3ae52e]
V  [jvm.dll+0x3ae7d8]
V  [jvm.dll+0x3281bc]
V  [jvm.dll+0x328d1b]
V  [jvm.dll+0x81eaf9]
V  [jvm.dll+0x3bb211]
V  [jvm.dll+0x807d78]
V  [jvm.dll+0x4503ee]
V  [jvm.dll+0x451fe1]
C  [jli.dll+0x52a3]
C  [ucrtbase.dll+0x29333]
C  [KERNEL32.DLL+0x1259d]
C  [ntdll.dll+0x5af78]


---------------  P R O C E S S  ---------------

Threads class SMR info:
_java_thread_list=0x00007ffe3972cc48, length=0, elements={
}

Java Threads: ( => current thread )
Total: 0

Other Threads:
  0x000002148ab41440 WorkerThread "GC Thread#0"                     [id=28200, stack(0x0000003f50f00000,0x0000003f51000000) (1024K)]
  0x000002148ab51f30 ConcurrentGCThread "G1 Main Marker"            [id=45636, stack(0x0000003f51000000,0x0000003f51100000) (1024K)]
  0x000002148ab52af0 WorkerThread "G1 Conc#0"                       [id=28188, stack(0x0000003f51100000,0x0000003f51200000) (1024K)]

[error occurred during error reporting (printing all threads), id 0xc0000005, EXCEPTION_ACCESS_VIOLATION (0xc0000005) at pc=0x00007ffe38e9a947]
VM state: not at safepoint (not fully initialized)

VM Mutex/Monitor currently owned by a thread:  ([mutex/lock_event])
[0x00007ffe3979df50] Heap_lock - owner thread: 0x000002148883db90

Heap address: 0x0000000704000000, size: 4032 MB, Compressed Oops mode: Zero based, Oop shift amount: 3

CDS archive(s) mapped at: [0x0000000000000000-0x0000000000000000-0x0000000000000000), size 0, SharedBaseAddress: 0x0000000800000000, ArchiveRelocationMode: 1.
Narrow klass base: 0x0000000000000000, Narrow klass shift: 0, Narrow klass range: 0x0

GC Precious Log:
 CardTable entry size: 512
 Card Set container configuration: InlinePtr #cards 4 size 8 Array Of Cards #cards 16 size 48 Howl #buckets 8 coarsen threshold 3686 Howl Bitmap #cards 512 size 80 coarsen threshold 460 Card regions per heap region 1 cards per card region 4096

Heap:
 garbage-first heap   total 0K, used 0K [0x0000000704000000, 0x0000000800000000)
  region size 2048K, 0 young (0K), 0 survivors (0K)

[error occurred during error reporting (printing heap information), id 0xc0000005, EXCEPTION_ACCESS_VIOLATION (0xc0000005) at pc=0x00007ffe39283e79]
GC Heap History (0 events):
No events

Dll operation events (1 events):
Event: 0.006 Loaded shared library C:\Program Files\Java\jdk-21\bin\java.dll

Deoptimization events (0 events):
No events

Classes loaded (0 events):
No events

Classes unloaded (0 events):
No events

Classes redefined (0 events):
No events

Internal exceptions (0 events):
No events

ZGC Phase Switch (0 events):
No events

VM Operations (0 events):
No events

Events (0 events):
No events


Dynamic libraries:
0x00007ff735670000 - 0x00007ff735680000 	C:\Program Files\Java\jdk-21\bin\java.exe
0x00007fff5a070000 - 0x00007fff5a287000 	C:\Windows\SYSTEM32\ntdll.dll
0x00007fff58b00000 - 0x00007fff58bc4000 	C:\Windows\System32\KERNEL32.DLL
0x00007fff57650000 - 0x00007fff57a22000 	C:\Windows\System32\KERNELBASE.dll
0x00007fff57530000 - 0x00007fff57641000 	C:\Windows\System32\ucrtbase.dll
0x00007fff0d3b0000 - 0x00007fff0d3cb000 	C:\Program Files\Java\jdk-21\bin\VCRUNTIME140.dll
0x00007fff08a80000 - 0x00007fff08a99000 	C:\Program Files\Java\jdk-21\bin\jli.dll
0x00007fff59620000 - 0x00007fff596d1000 	C:\Windows\System32\ADVAPI32.dll
0x00007fff592d0000 - 0x00007fff59377000 	C:\Windows\System32\msvcrt.dll
0x00007fff590b0000 - 0x00007fff59158000 	C:\Windows\System32\sechost.dll
0x00007fff571e0000 - 0x00007fff57208000 	C:\Windows\System32\bcrypt.dll
0x00007fff59380000 - 0x00007fff59494000 	C:\Windows\System32\RPCRT4.dll
0x00007fff57ed0000 - 0x00007fff58081000 	C:\Windows\System32\USER32.dll
0x00007fff57cd0000 - 0x00007fff57cf6000 	C:\Windows\System32\win32u.dll
0x00007fff47520000 - 0x00007fff477bb000 	C:\Windows\WinSxS\amd64_microsoft.windows.common-controls_6595b64144ccf1df_6.0.22621.5547_none_27104afb73855772\COMCTL32.dll
0x00007fff596e0000 - 0x00007fff59709000 	C:\Windows\System32\GDI32.dll
0x00007fff57ba0000 - 0x00007fff57cc3000 	C:\Windows\System32\gdi32full.dll
0x00007fff57350000 - 0x00007fff573ea000 	C:\Windows\System32\msvcp_win.dll
0x00007fff47510000 - 0x00007fff4751a000 	C:\Windows\SYSTEM32\VERSION.dll
0x00007fff58350000 - 0x00007fff58381000 	C:\Windows\System32\IMM32.DLL
0x00007fff12de0000 - 0x00007fff12dec000 	C:\Program Files\Java\jdk-21\bin\vcruntime140_1.dll
0x00007ffed9160000 - 0x00007ffed91ee000 	C:\Program Files\Java\jdk-21\bin\msvcp140.dll
0x00007ffe38b60000 - 0x00007ffe3987a000 	C:\Program Files\Java\jdk-21\bin\server\jvm.dll
0x00007fff59520000 - 0x00007fff59591000 	C:\Windows\System32\WS2_32.dll
0x00007fff55fb0000 - 0x00007fff55ffd000 	C:\Windows\SYSTEM32\POWRPROF.dll
0x00007fff494d0000 - 0x00007fff49504000 	C:\Windows\SYSTEM32\WINMM.dll
0x00007fff55f90000 - 0x00007fff55fa3000 	C:\Windows\SYSTEM32\UMPDC.dll
0x00007fff56250000 - 0x00007fff56268000 	C:\Windows\SYSTEM32\kernel.appcore.dll
0x00007fff12bd0000 - 0x00007fff12bda000 	C:\Program Files\Java\jdk-21\bin\jimage.dll
0x00007fff54650000 - 0x00007fff54883000 	C:\Windows\SYSTEM32\DBGHELP.DLL
0x00007fff58480000 - 0x00007fff58813000 	C:\Windows\System32\combase.dll
0x00007fff591f0000 - 0x00007fff592c7000 	C:\Windows\System32\OLEAUT32.dll
0x00007fff465e0000 - 0x00007fff46612000 	C:\Windows\SYSTEM32\dbgcore.DLL
0x00007fff574b0000 - 0x00007fff5752b000 	C:\Windows\System32\bcryptPrimitives.dll
0x00007fff08a00000 - 0x00007fff08a1f000 	C:\Program Files\Java\jdk-21\bin\java.dll

dbghelp: loaded successfully - version: 4.0.5 - missing functions: none
symbol engine: initialized successfully - sym options: 0x614 - pdb path: .;C:\Program Files\Java\jdk-21\bin;C:\Windows\SYSTEM32;C:\Windows\WinSxS\amd64_microsoft.windows.common-controls_6595b64144ccf1df_6.0.22621.5547_none_27104afb73855772;C:\Program Files\Java\jdk-21\bin\server

VM Arguments:
jvm_args: -Dclassworlds.conf=C:\Users\infod\scoop\apps\maven\current\bin\m2.conf -Dmaven.home=C:\Users\infod\scoop\apps\maven\current -Dlibrary.jansi.path=C:\Users\infod\scoop\apps\maven\current\lib\jansi-native -Dmaven.multiModuleProjectDirectory=D:\cognizant\week4\Load Country from Spring Configuration XML\spring-learn 
java_command: org.codehaus.plexus.classworlds.launcher.Launcher clean install
java_class_path (initial): C:\Users\infod\scoop\apps\maven\current\boot\plexus-classworlds-2.8.0.jar
Launcher Type: SUN_STANDARD

[Global flags]
     intx CICompilerCount                          = 4                                         {product} {ergonomic}
     uint ConcGCThreads                            = 3                                         {product} {ergonomic}
     uint G1ConcRefinementThreads                  = 10                                        {product} {ergonomic}
   size_t G1HeapRegionSize                         = 2097152                                   {product} {ergonomic}
    uintx GCDrainStackTargetSize                   = 64                                        {product} {ergonomic}
   size_t InitialHeapSize                          = 264241152                                 {product} {ergonomic}
   size_t MarkStackSize                            = 4194304                                   {product} {ergonomic}
   size_t MaxHeapSize                              = 4227858432                                {product} {ergonomic}
   size_t MinHeapDeltaBytes                        = 2097152                                   {product} {ergonomic}
   size_t MinHeapSize                              = 8388608                                   {product} {ergonomic}
    uintx NonNMethodCodeHeapSize                   = 5839372                                {pd product} {ergonomic}
    uintx NonProfiledCodeHeapSize                  = 122909434                              {pd product} {ergonomic}
    uintx ProfiledCodeHeapSize                     = 122909434                              {pd product} {ergonomic}
    uintx ReservedCodeCacheSize                    = 251658240                              {pd product} {ergonomic}
     bool SegmentedCodeCache                       = true                                      {product} {ergonomic}
   size_t SoftMaxHeapSize                          = 4227858432                             {manageable} {ergonomic}
     bool UseCompressedOops                        = true                           {product lp64_product} {ergonomic}
     bool UseG1GC                                  = true                                      {product} {ergonomic}
     bool UseLargePagesIndividualAllocation        = false                                  {pd product} {ergonomic}

Logging:
Log output configuration:
 #0: stdout all=warning uptime,level,tags foldmultilines=false
 #1: stderr all=off uptime,level,tags foldmultilines=false

Environment Variables:
PATH=C:\Program Files\Common Files\Oracle\Java\javapath;C:\app\infod\product\21c\dbhomeXE\bin;C:\Program Files (x86)\Common Files\Oracle\Java\java8path;C:\Program Files (x86)\Common Files\Oracle\Java\javapath;C:\Windows\system32;C:\Windows;C:\Windows\System32\Wbem;C:\Windows\System32\WindowsPowerShell\v1.0\;C:\Windows\System32\OpenSSH\;C:\Program Files (x86)\NVIDIA Corporation\PhysX\Common;C:\Program Files (x86)\Yarn\bin\;C:\Program Files\NVIDIA Corporation\NVIDIA App\NvDLISR;C:\Program Files\nodejs\;C:\Program Files\Git\cmd;C:\Program Files\MySQL\MySQL Shell 8.0\bin\;C:\Users\infod\scoop\apps\maven\current\bin;C:\Users\infod\scoop\shims;C:\Users\infod\.bun\bin;C:\Users\infod\AppData\Local\Programs\Microsoft VS Code\bin;C:\Users\infod\AppData\Local\Programs\Python\Python313\Scripts;C:\Users\infod\AppData\Local\Programs\Python\Python313;C:\Users\infod\Downloads\ngrok-v3-stable-windows-amd64;C:\Program Files (x86)\MongoDB Atlas CLI\;C:\xampp\php;
USERNAME=infod
OS=Windows_NT
PROCESSOR_IDENTIFIER=Intel64 Family 6 Model 141 Stepping 1, GenuineIntel
TMP=C:\Users\infod\AppData\Local\Temp
TEMP=C:\Users\infod\AppData\Local\Temp




Periodic native trim disabled

---------------  S Y S T E M  ---------------

OS:
 Windows 11 , 64 bit Build 22621 (10.0.22621.5415)
OS uptime: 4 days 5:41 hours
Hyper-V role detected

CPU: total 12 (initial active 12) (6 cores per cpu, 2 threads per core) family 6 model 141 stepping 1 microcode 0x34, cx8, cmov, fxsr, ht, mmx, 3dnowpref, sse, sse2, sse3, ssse3, sse4.1, sse4.2, popcnt, lzcnt, tsc, tscinvbit, avx, avx2, aes, erms, clmul, bmi1, bmi2, adx, avx512f, avx512dq, avx512cd, avx512bw, avx512vl, sha, fma, vzeroupper, avx512_vpopcntdq, avx512_vpclmulqdq, avx512_vaes, avx512_vnni, clflush, clflushopt, clwb, avx512_vbmi2, avx512_vbmi, hv, rdtscp, rdpid, fsrm, gfni, avx512_bitalg, f16c, cet_ibt, cet_ss, avx512_ifma
Processor Information for all 12 processors :
  Max Mhz: 2688, Current Mhz: 2688, Mhz Limit: 2688

Memory: 4k page, system-wide physical 16121M (415M free)
TotalPageFile size 65273M (AvailPageFile size 42M)
current process WorkingSet (physical memory assigned to process): 11M, peak: 11M
current process commit charge ("private bytes"): 64M, peak: 316M

vm_info: Java HotSpot(TM) 64-Bit Server VM (21.0.7+8-LTS-245) for windows-amd64 JRE (21.0.7+8-LTS-245), built on 2025-02-21T05:11:27Z by "mach5one" with MS VC++ 17.6 (VS2022)

END.
